<?xml version="1.0" encoding="UTF-8"?>
<!-- Generated by org.testng.reporters.JUnitXMLReporter -->
<testsuite hostname="LAPTOP-FET714UI" ignored="0" name="Default test" tests="2" failures="1" timestamp="2021-04-24T17:19:32 IST" time="31.202" errors="0">
  <testcase name="f" time="1.126" classname="com.Practice.brokenLinks"/>
  <testcase name="f1" time="15.079" classname="com.Practice.brokenLinks">
    <failure type="java.lang.AssertionError" message="The following asserts failed:
	The Link with Text Responsible Gaming is broken with 200 expected [true] but found [false],
	The Link with Text Blog is broken with 200 expected [true] but found [false],
	The Link with Text 24/7 Customer Support is broken with 200 expected [true] but found [false],
	The Link with Text  is broken with 200 expected [true] but found [false],
	The Link with Text Download &amp;amp; Play is broken with 200 expected [true] but found [false],
	The Link with Text  is broken with 200 expected [true] but found [false],
	The Link with Text How To Play is broken with 200 expected [true] but found [false],
	The Link with Text Promotions is broken with 200 expected [true] but found [false],
	The Link with Text Refer &amp;amp; Earn is broken with 200 expected [true] but found [false],
	The Link with Text Rummy is broken with 200 expected [true] but found [false],
	The Link with Text Rewards Program is broken with 200 expected [true] but found [false],
	The Link with Text  is broken with 200 expected [true] but found [false],
	The Link with Text  is broken with 200 expected [true] but found [false],
	The Link with Text  is broken with 200 expected [true] but found [false],
	The Link with Text  is broken with 200 expected [true] but found [false],
	The Link with Text  is broken with 200 expected [true] but found [false],
	The Link with Text About Us is broken with 200 expected [true] but found [false],
	The Link with Text Blog is broken with 200 expected [true] but found [false],
	The Link with Text Contact Us is broken with 200 expected [true] but found [false],
	The Link with Text Sitemap is broken with 200 expected [true] but found [false],
	The Link with Text FAQ is broken with 200 expected [true] but found [false],
	The Link with Text Legality is broken with 200 expected [true] but found [false],
	The Link with Text Terms of Use is broken with 200 expected [true] but found [false],
	The Link with Text Privacy Policy is broken with 200 expected [true] but found [false],
	The Link with Text Withdrawal is broken with 200 expected [true] but found [false]">
      <![CDATA[java.lang.AssertionError: The following asserts failed:
The Link with Text Responsible Gaming is broken with 200 expected [true] but found [false],
The Link with Text Blog is broken with 200 expected [true] but found [false],
The Link with Text 24/7 Customer Support is broken with 200 expected [true] but found [false],
The Link with Text  is broken with 200 expected [true] but found [false],
The Link with Text Download & Play is broken with 200 expected [true] but found [false],
The Link with Text  is broken with 200 expected [true] but found [false],
The Link with Text How To Play is broken with 200 expected [true] but found [false],
The Link with Text Promotions is broken with 200 expected [true] but found [false],
The Link with Text Refer & Earn is broken with 200 expected [true] but found [false],
The Link with Text Rummy is broken with 200 expected [true] but found [false],
The Link with Text Rewards Program is broken with 200 expected [true] but found [false],
The Link with Text  is broken with 200 expected [true] but found [false],
The Link with Text  is broken with 200 expected [true] but found [false],
The Link with Text  is broken with 200 expected [true] but found [false],
The Link with Text  is broken with 200 expected [true] but found [false],
The Link with Text  is broken with 200 expected [true] but found [false],
The Link with Text About Us is broken with 200 expected [true] but found [false],
The Link with Text Blog is broken with 200 expected [true] but found [false],
The Link with Text Contact Us is broken with 200 expected [true] but found [false],
The Link with Text Sitemap is broken with 200 expected [true] but found [false],
The Link with Text FAQ is broken with 200 expected [true] but found [false],
The Link with Text Legality is broken with 200 expected [true] but found [false],
The Link with Text Terms of Use is broken with 200 expected [true] but found [false],
The Link with Text Privacy Policy is broken with 200 expected [true] but found [false],
The Link with Text Withdrawal is broken with 200 expected [true] but found [false]
at org.testng.asserts.SoftAssert.assertAll(SoftAssert.java:47)
at org.testng.asserts.SoftAssert.assertAll(SoftAssert.java:31)
at com.Practice.brokenLinks.f1(brokenLinks.java:65)
at sun.reflect.NativeMethodAccessorImpl.invoke0(Native Method)
at sun.reflect.NativeMethodAccessorImpl.invoke(NativeMethodAccessorImpl.java:62)
at sun.reflect.DelegatingMethodAccessorImpl.invoke(DelegatingMethodAccessorImpl.java:43)
at java.lang.reflect.Method.invoke(Method.java:498)
at org.testng.internal.MethodInvocationHelper.invokeMethod(MethodInvocationHelper.java:132)
at org.testng.internal.TestInvoker.invokeMethod(TestInvoker.java:599)
at org.testng.internal.TestInvoker.invokeTestMethod(TestInvoker.java:174)
at org.testng.internal.MethodRunner.runInSequence(MethodRunner.java:46)
at org.testng.internal.TestInvoker$MethodInvocationAgent.invoke(TestInvoker.java:822)
at org.testng.internal.TestInvoker.invokeTestMethods(TestInvoker.java:147)
at org.testng.internal.TestMethodWorker.invokeTestMethods(TestMethodWorker.java:146)
at org.testng.internal.TestMethodWorker.run(TestMethodWorker.java:128)
at java.util.ArrayList.forEach(ArrayList.java:1259)
at org.testng.TestRunner.privateRun(TestRunner.java:764)
at org.testng.TestRunner.run(TestRunner.java:585)
at org.testng.SuiteRunner.runTest(SuiteRunner.java:384)
at org.testng.SuiteRunner.runSequentially(SuiteRunner.java:378)
at org.testng.SuiteRunner.privateRun(SuiteRunner.java:337)
at org.testng.SuiteRunner.run(SuiteRunner.java:286)
at org.testng.SuiteRunnerWorker.runSuite(SuiteRunnerWorker.java:53)
at org.testng.SuiteRunnerWorker.run(SuiteRunnerWorker.java:96)
at org.testng.TestNG.runSuitesSequentially(TestNG.java:1218)
at org.testng.TestNG.runSuitesLocally(TestNG.java:1140)
at org.testng.TestNG.runSuites(TestNG.java:1069)
at org.testng.TestNG.run(TestNG.java:1037)
at org.testng.remote.AbstractRemoteTestNG.run(AbstractRemoteTestNG.java:115)
at org.testng.remote.RemoteTestNG.initAndRun(RemoteTestNG.java:251)
at org.testng.remote.RemoteTestNG.main(RemoteTestNG.java:77)
]]>
    </failure>
  </testcase> <!-- f1 -->
</testsuite> <!-- Default test -->
