<?xml version="1.0" encoding="UTF-8"?>
<!-- Generated by org.testng.reporters.JUnitXMLReporter -->
<testsuite hostname="LAPTOP-FET714UI" ignored="0" name="deposit" tests="1" failures="1" timestamp="2021-04-20T19:12:37 IST" time="17.279" errors="0">
  <testcase name="Deposit" time="3.771" classname="testCases.deposite_TestCases">
    <failure type="java.lang.AssertionError" message="expected [Enter the Amount less than 50000.00] but found [Enter the Amount less than 1000.00]">
      <![CDATA[java.lang.AssertionError: expected [Enter the Amount less than 50000.00] but found [Enter the Amount less than 1000.00]
at pageFactory.deposit_POF.maxamountValidation(deposit_POF.java:55)
at testCases.deposite_TestCases.Deposit(deposite_TestCases.java:44)
at java.util.ArrayList.forEach(ArrayList.java:1259)
... Removed 33 stack frames]]>
    </failure>
  </testcase> <!-- Deposit -->
</testsuite> <!-- deposit -->
